<?xml version="1.0" encoding="UTF-8"?>
<testng-results ignored="0" total="1" passed="1" failed="0" skipped="0">
  <reporter-output>
  </reporter-output>
  <suite started-at="2024-12-12T18:04:20 IST" name="Suite" finished-at="2024-12-12T18:04:23 IST" duration-ms="3561">
    <groups>
    </groups>
    <test started-at="2024-12-12T18:04:20 IST" name="Test" finished-at="2024-12-12T18:04:23 IST" duration-ms="3561">
      <class name="Testcases3.tc4">
        <test-method is-config="true" signature="url()[pri:0, instance:Testcases3.tc4@7bedc48a]" started-at="2024-12-12T18:04:04 IST" name="url" finished-at="2024-12-12T18:04:20 IST" duration-ms="16069" status="PASS">
          <reporter-output>
          </reporter-output>
        </test-method> <!-- url -->
        <test-method signature="login(java.lang.String,java.lang.String)[pri:1, instance:Testcases3.tc4@7bedc48a]" started-at="2024-12-12T18:04:20 IST" name="login" data-provider="setdata" finished-at="2024-12-12T18:04:23 IST" duration-ms="3057" status="PASS">
          <params>
            <param index="0">
              <value>
                <![CDATA[mahesh@gmail.com]]>
              </value>
            </param>
            <param index="1">
              <value>
                <![CDATA[India@123]]>
              </value>
            </param>
          </params>
          <reporter-output>
          </reporter-output>
        </test-method> <!-- login -->
        <test-method is-config="true" signature="closebrowser()[pri:0, instance:Testcases3.tc4@7bedc48a]" started-at="2024-12-12T18:04:24 IST" name="closebrowser" finished-at="2024-12-12T18:04:25 IST" duration-ms="559" status="PASS">
          <reporter-output>
          </reporter-output>
        </test-method> <!-- closebrowser -->
      </class> <!-- Testcases3.tc4 -->
    </test> <!-- Test -->
  </suite> <!-- Suite -->
</testng-results>
